Using pre-set license
Built from '2020.3/china_unity/release' branch; Version is '2020.3.10f1c1 (65978a05d4e9) revision 6657930'; Using compiler version '192528614'; Build Type 'Release'
OS: 'Windows 10 Pro; OS build 19042.1415; Version 2009; 64bit' Language: 'zh' Physical Memory: 32702 MB
BatchMode: 1, IsHumanControllingUs: 0, StartBugReporterOnCrash: 0, Is64bit: 1, IsPro: 0

 COMMAND LINE ARGUMENTS:
D:\Unity3D\Unity2020310\Unity\Editor\Unity.exe
-adb2
-batchMode
-noUpm
-name
AssetImportWorker0
-projectPath
E:/Unity3DProject/3DGameKit
-logFile
Logs/AssetImportWorker0.log
-srvPort
63512
Successfully changed project path to: E:/Unity3DProject/3DGameKit
E:/Unity3DProject/3DGameKit
Using Asset Import Pipeline V2.
Refreshing native plugins compatible for Editor in 23.31 ms, found 2 plugins.
Preloading 0 native plugins for Editor in 0.00 ms.
Initialize engine version: 2020.3.10f1c1 (65978a05d4e9)
[Subsystems] Discovering subsystems at path D:/Unity3D/Unity2020310/Unity/Editor/Data/Resources/UnitySubsystems
[Subsystems] Discovering subsystems at path E:/Unity3DProject/3DGameKit/Assets
GfxDevice: creating device client; threaded=0
Direct3D:
    Version:  Direct3D 11.0 [level 11.1]
    Renderer: NVIDIA GeForce GTX 1660 (ID=0x2184)
    Vendor:   
    VRAM:     5991 MB
    Driver:   27.21.14.5671
Initialize mono
Mono path[0] = 'D:/Unity3D/Unity2020310/Unity/Editor/Data/Managed'
Mono path[1] = 'D:/Unity3D/Unity2020310/Unity/Editor/Data/MonoBleedingEdge/lib/mono/unityjit'
Mono config path = 'D:/Unity3D/Unity2020310/Unity/Editor/Data/MonoBleedingEdge/etc'
Using monoOptions --debugger-agent=transport=dt_socket,embedding=1,server=y,suspend=n,address=127.0.0.1:56620
Begin MonoManager ReloadAssembly
Registering precompiled unity dll's ...
Register platform support module: D:/Unity3D/Unity2020310/Unity/Editor/Data/PlaybackEngines/WindowsStandaloneSupport/UnityEditor.WindowsStandalone.Extensions.dll
Registered in 0.000955 seconds.
Native extension for WindowsStandalone target not found
Refreshing native plugins compatible for Editor in 22.56 ms, found 2 plugins.
Preloading 0 native plugins for Editor in 0.00 ms.
Mono: successfully reloaded assembly
- Completed reload, in  0.745 seconds
Platform modules already initialized, skipping
Registering precompiled user dll's ...
Registered in 0.002468 seconds.
Begin MonoManager ReloadAssembly
Native extension for WindowsStandalone target not found
Refreshing native plugins compatible for Editor in 0.27 ms, found 2 plugins.
Preloading 0 native plugins for Editor in 0.00 ms.
Mono: successfully reloaded assembly
- Completed reload, in  0.889 seconds
Platform modules already initialized, skipping
========================================================================
Worker process is ready to serve import requests
Launched and connected shader compiler UnityShaderCompiler.exe after 0.08 seconds
Refreshing native plugins compatible for Editor in 0.46 ms, found 2 plugins.
Preloading 0 native plugins for Editor in 0.00 ms.
Unloading 1401 Unused Serialized files (Serialized files now loaded: 0)
System memory in use before: 84.7 MB.
System memory in use after: 84.8 MB.

Unloading 17 unused Assets to reduce memory usage. Loaded Objects now: 1857.
Total: 1.792000 ms (FindLiveObjects: 0.154300 ms CreateObjectMapping: 0.033700 ms MarkObjects: 1.585400 ms  DeleteObjects: 0.017700 ms)

========================================================================
Received Import Request.
  path: Assets/Scenes/Scripts/Mono/DeltaTime.cs
  artifactKey: Guid(788a96127aaecb144800cfa25cbfb5c1) Importer(815301076,1909f56bfc062723c751e8b465ee728b)
Start importing Assets/Scenes/Scripts/Mono/DeltaTime.cs using Guid(788a96127aaecb144800cfa25cbfb5c1) Importer(815301076,1909f56bfc062723c751e8b465ee728b)  -> (artifact id: 'd28ba73d825c798bc76320dbc8282439') in 0.031779 seconds
  Import took 0.033638 seconds .

========================================================================
Received Prepare
Registering precompiled user dll's ...
Registered in 0.002491 seconds.
Begin MonoManager ReloadAssembly
Native extension for WindowsStandalone target not found
Refreshing native plugins compatible for Editor in 0.29 ms, found 2 plugins.
Preloading 0 native plugins for Editor in 0.00 ms.
Mono: successfully reloaded assembly
- Completed reload, in  0.800 seconds
Platform modules already initialized, skipping
Refreshing native plugins compatible for Editor in 0.27 ms, found 2 plugins.
Preloading 0 native plugins for Editor in 0.00 ms.
Unloading 1395 Unused Serialized files (Serialized files now loaded: 0)
System memory in use before: 84.6 MB.
System memory in use after: 84.7 MB.

Unloading 13 unused Assets to reduce memory usage. Loaded Objects now: 1860.
Total: 1.953300 ms (FindLiveObjects: 0.174500 ms CreateObjectMapping: 0.035300 ms MarkObjects: 1.727800 ms  DeleteObjects: 0.015000 ms)

========================================================================
Received Import Request.
  Time since last request: 43.239760 seconds.
  path: Assets/Scenes/Scripts/Mono/DeltaTime.cs
  artifactKey: Guid(788a96127aaecb144800cfa25cbfb5c1) Importer(815301076,1909f56bfc062723c751e8b465ee728b)
Start importing Assets/Scenes/Scripts/Mono/DeltaTime.cs using Guid(788a96127aaecb144800cfa25cbfb5c1) Importer(815301076,1909f56bfc062723c751e8b465ee728b)  -> (artifact id: '2b115c6ae7076357164f76ccb21d61da') in 0.003505 seconds
  Import took 0.005297 seconds .

========================================================================
Received Prepare
Registering precompiled user dll's ...
Registered in 0.003011 seconds.
Begin MonoManager ReloadAssembly
Native extension for WindowsStandalone target not found
Refreshing native plugins compatible for Editor in 0.29 ms, found 2 plugins.
Preloading 0 native plugins for Editor in 0.00 ms.
Mono: successfully reloaded assembly
- Completed reload, in  0.789 seconds
Platform modules already initialized, skipping
Refreshing native plugins compatible for Editor in 0.28 ms, found 2 plugins.
Preloading 0 native plugins for Editor in 0.00 ms.
Unloading 1395 Unused Serialized files (Serialized files now loaded: 0)
System memory in use before: 84.6 MB.
System memory in use after: 84.7 MB.

Unloading 13 unused Assets to reduce memory usage. Loaded Objects now: 1863.
Total: 1.989200 ms (FindLiveObjects: 0.162300 ms CreateObjectMapping: 0.042100 ms MarkObjects: 1.769100 ms  DeleteObjects: 0.014900 ms)

========================================================================
Received Prepare
Registering precompiled user dll's ...
Registered in 0.003278 seconds.
Begin MonoManager ReloadAssembly
Native extension for WindowsStandalone target not found
Refreshing native plugins compatible for Editor in 0.27 ms, found 2 plugins.
Preloading 0 native plugins for Editor in 0.00 ms.
Mono: successfully reloaded assembly
- Completed reload, in  0.799 seconds
Platform modules already initialized, skipping
Refreshing native plugins compatible for Editor in 0.31 ms, found 2 plugins.
Preloading 0 native plugins for Editor in 0.00 ms.
Unloading 1395 Unused Serialized files (Serialized files now loaded: 0)
System memory in use before: 84.6 MB.
System memory in use after: 84.7 MB.

Unloading 13 unused Assets to reduce memory usage. Loaded Objects now: 1866.
Total: 1.904300 ms (FindLiveObjects: 0.155300 ms CreateObjectMapping: 0.034500 ms MarkObjects: 1.700900 ms  DeleteObjects: 0.012900 ms)

========================================================================
Received Prepare
Registering precompiled user dll's ...
Registered in 0.002454 seconds.
Begin MonoManager ReloadAssembly
Native extension for WindowsStandalone target not found
Refreshing native plugins compatible for Editor in 0.28 ms, found 2 plugins.
Preloading 0 native plugins for Editor in 0.00 ms.
Mono: successfully reloaded assembly
- Completed reload, in  0.791 seconds
Platform modules already initialized, skipping
Refreshing native plugins compatible for Editor in 0.28 ms, found 2 plugins.
Preloading 0 native plugins for Editor in 0.00 ms.
Unloading 1395 Unused Serialized files (Serialized files now loaded: 0)
System memory in use before: 84.6 MB.
System memory in use after: 84.7 MB.

Unloading 13 unused Assets to reduce memory usage. Loaded Objects now: 1869.
Total: 1.794100 ms (FindLiveObjects: 0.158400 ms CreateObjectMapping: 0.046500 ms MarkObjects: 1.574900 ms  DeleteObjects: 0.013300 ms)

========================================================================
Received Prepare
Registering precompiled user dll's ...
Registered in 0.002500 seconds.
Begin MonoManager ReloadAssembly
Native extension for WindowsStandalone target not found
Refreshing native plugins compatible for Editor in 0.27 ms, found 2 plugins.
Preloading 0 native plugins for Editor in 0.00 ms.
Mono: successfully reloaded assembly
- Completed reload, in  0.789 seconds
Platform modules already initialized, skipping
Refreshing native plugins compatible for Editor in 0.28 ms, found 2 plugins.
Preloading 0 native plugins for Editor in 0.00 ms.
Unloading 1395 Unused Serialized files (Serialized files now loaded: 0)
System memory in use before: 84.6 MB.
System memory in use after: 84.7 MB.

Unloading 13 unused Assets to reduce memory usage. Loaded Objects now: 1872.
Total: 1.690300 ms (FindLiveObjects: 0.137800 ms CreateObjectMapping: 0.032400 ms MarkObjects: 1.505100 ms  DeleteObjects: 0.014100 ms)

========================================================================
Received Prepare
Registering precompiled user dll's ...
Registered in 0.002449 seconds.
Begin MonoManager ReloadAssembly
Native extension for WindowsStandalone target not found
Refreshing native plugins compatible for Editor in 0.28 ms, found 2 plugins.
Preloading 0 native plugins for Editor in 0.00 ms.
Mono: successfully reloaded assembly
- Completed reload, in  0.889 seconds
Platform modules already initialized, skipping
Refreshing native plugins compatible for Editor in 0.32 ms, found 2 plugins.
Preloading 0 native plugins for Editor in 0.00 ms.
Unloading 1396 Unused Serialized files (Serialized files now loaded: 0)
System memory in use before: 84.7 MB.
System memory in use after: 84.8 MB.

Unloading 13 unused Assets to reduce memory usage. Loaded Objects now: 1876.
Total: 1.935700 ms (FindLiveObjects: 0.174500 ms CreateObjectMapping: 0.041300 ms MarkObjects: 1.701700 ms  DeleteObjects: 0.017400 ms)

========================================================================
Received Import Request.
  Time since last request: 1451.173137 seconds.
  path: Assets/Scenes/Scripts/Mono/Shoot.cs
  artifactKey: Guid(c090fba04d3d6a648bfde04b397b6fe7) Importer(815301076,1909f56bfc062723c751e8b465ee728b)
Start importing Assets/Scenes/Scripts/Mono/Shoot.cs using Guid(c090fba04d3d6a648bfde04b397b6fe7) Importer(815301076,1909f56bfc062723c751e8b465ee728b)  -> (artifact id: 'daabffda084aa6ddea061d8fa24cf0ee') in 0.004044 seconds
  Import took 0.005836 seconds .

========================================================================
Received Prepare
Registering precompiled user dll's ...
Registered in 0.002369 seconds.
Begin MonoManager ReloadAssembly
Native extension for WindowsStandalone target not found
Refreshing native plugins compatible for Editor in 0.27 ms, found 2 plugins.
Preloading 0 native plugins for Editor in 0.00 ms.
Mono: successfully reloaded assembly
- Completed reload, in  0.805 seconds
Platform modules already initialized, skipping
Refreshing native plugins compatible for Editor in 0.31 ms, found 2 plugins.
Preloading 0 native plugins for Editor in 0.00 ms.
Unloading 1396 Unused Serialized files (Serialized files now loaded: 0)
System memory in use before: 84.7 MB.
System memory in use after: 84.8 MB.

Unloading 13 unused Assets to reduce memory usage. Loaded Objects now: 1879.
Total: 1.886900 ms (FindLiveObjects: 0.142600 ms CreateObjectMapping: 0.032600 ms MarkObjects: 1.698400 ms  DeleteObjects: 0.012700 ms)

========================================================================
Received Prepare
Registering precompiled user dll's ...
Registered in 0.002463 seconds.
Begin MonoManager ReloadAssembly
Native extension for WindowsStandalone target not found
Refreshing native plugins compatible for Editor in 0.28 ms, found 2 plugins.
Preloading 0 native plugins for Editor in 0.00 ms.
Mono: successfully reloaded assembly
- Completed reload, in  0.771 seconds
Platform modules already initialized, skipping
Refreshing native plugins compatible for Editor in 0.29 ms, found 2 plugins.
Preloading 0 native plugins for Editor in 0.00 ms.
Unloading 1396 Unused Serialized files (Serialized files now loaded: 0)
System memory in use before: 84.7 MB.
System memory in use after: 84.8 MB.

Unloading 13 unused Assets to reduce memory usage. Loaded Objects now: 1882.
Total: 1.894100 ms (FindLiveObjects: 0.150600 ms CreateObjectMapping: 0.032200 ms MarkObjects: 1.696800 ms  DeleteObjects: 0.013500 ms)

========================================================================
Received Import Request.
  Time since last request: 61.327046 seconds.
  path: Assets/Scenes/Scripts/Mono/Shoot.cs
  artifactKey: Guid(c090fba04d3d6a648bfde04b397b6fe7) Importer(815301076,1909f56bfc062723c751e8b465ee728b)
Start importing Assets/Scenes/Scripts/Mono/Shoot.cs using Guid(c090fba04d3d6a648bfde04b397b6fe7) Importer(815301076,1909f56bfc062723c751e8b465ee728b)  -> (artifact id: '802ee00bef72730eebd8754fed9d20fd') in 0.003556 seconds
  Import took 0.005502 seconds .

========================================================================
Received Import Request.
  Time since last request: 0.017002 seconds.
  path: Assets/Scenes/Scripts/Mono/Shoot.cs
  artifactKey: Guid(c090fba04d3d6a648bfde04b397b6fe7) Importer(815301076,1909f56bfc062723c751e8b465ee728b)
Start importing Assets/Scenes/Scripts/Mono/Shoot.cs using Guid(c090fba04d3d6a648bfde04b397b6fe7) Importer(815301076,1909f56bfc062723c751e8b465ee728b)  -> (artifact id: '802ee00bef72730eebd8754fed9d20fd') in 0.001683 seconds
  Import took 0.003605 seconds .

========================================================================
Received Prepare
Registering precompiled user dll's ...
Registered in 0.002539 seconds.
Begin MonoManager ReloadAssembly
Native extension for WindowsStandalone target not found
Refreshing native plugins compatible for Editor in 0.27 ms, found 2 plugins.
Preloading 0 native plugins for Editor in 0.00 ms.
Mono: successfully reloaded assembly
- Completed reload, in  0.784 seconds
Platform modules already initialized, skipping
Refreshing native plugins compatible for Editor in 0.28 ms, found 2 plugins.
Preloading 0 native plugins for Editor in 0.00 ms.
Unloading 1396 Unused Serialized files (Serialized files now loaded: 0)
System memory in use before: 84.7 MB.
System memory in use after: 84.8 MB.

Unloading 13 unused Assets to reduce memory usage. Loaded Objects now: 1885.
Total: 1.629900 ms (FindLiveObjects: 0.144000 ms CreateObjectMapping: 0.032900 ms MarkObjects: 1.437300 ms  DeleteObjects: 0.014700 ms)

========================================================================
Received Import Request.
  Time since last request: 143.300711 seconds.
  path: Assets/Scenes/Scripts/Mono/Shoot.cs
  artifactKey: Guid(c090fba04d3d6a648bfde04b397b6fe7) Importer(815301076,1909f56bfc062723c751e8b465ee728b)
Start importing Assets/Scenes/Scripts/Mono/Shoot.cs using Guid(c090fba04d3d6a648bfde04b397b6fe7) Importer(815301076,1909f56bfc062723c751e8b465ee728b)  -> (artifact id: '8d3763c357a520f189cef430b976fe9f') in 0.003622 seconds
  Import took 0.005431 seconds .

========================================================================
Received Import Request.
  Time since last request: 58.305252 seconds.
  path: Assets/Scenes/Prefeb
  artifactKey: Guid(3e78edf63621e1e4dbfbda5104c4b2d5) Importer(815301076,1909f56bfc062723c751e8b465ee728b)
Start importing Assets/Scenes/Prefeb using Guid(3e78edf63621e1e4dbfbda5104c4b2d5) Importer(815301076,1909f56bfc062723c751e8b465ee728b)  -> (artifact id: 'b2e9bffc49a7ca2151e73cfda329d010') in 0.001924 seconds
  Import took 0.003948 seconds .

========================================================================
Received Import Request.
  Time since last request: 3.346992 seconds.
  path: Assets/Scenes/Prefeb/Sphere.prefab
  artifactKey: Guid(4a047463afbe9074b9d049591bf3b20a) Importer(815301076,1909f56bfc062723c751e8b465ee728b)
Start importing Assets/Scenes/Prefeb/Sphere.prefab using Guid(4a047463afbe9074b9d049591bf3b20a) Importer(815301076,1909f56bfc062723c751e8b465ee728b)  -> (artifact id: '59d68f3392c745c613bd9ac3b2b17e81') in 0.081873 seconds
  Import took 0.083933 seconds .

========================================================================
Received Prepare
Registering precompiled user dll's ...
Registered in 0.002478 seconds.
Begin MonoManager ReloadAssembly
Native extension for WindowsStandalone target not found
Refreshing native plugins compatible for Editor in 0.27 ms, found 2 plugins.
Preloading 0 native plugins for Editor in 0.00 ms.
Mono: successfully reloaded assembly
- Completed reload, in  0.784 seconds
Platform modules already initialized, skipping
Refreshing native plugins compatible for Editor in 0.27 ms, found 2 plugins.
Preloading 0 native plugins for Editor in 0.00 ms.
Unloading 1396 Unused Serialized files (Serialized files now loaded: 0)
System memory in use before: 87.8 MB.
System memory in use after: 88.0 MB.

Unloading 14 unused Assets to reduce memory usage. Loaded Objects now: 1896.
Total: 1.905800 ms (FindLiveObjects: 0.173800 ms CreateObjectMapping: 0.043500 ms MarkObjects: 1.645200 ms  DeleteObjects: 0.042300 ms)

========================================================================
Received Import Request.
  Time since last request: 88.478400 seconds.
  path: Assets/Scenes/Prefeb/Sphere 1.prefab
  artifactKey: Guid(d529f14e812896a4593819c1bd09e724) Importer(815301076,1909f56bfc062723c751e8b465ee728b)
Start importing Assets/Scenes/Prefeb/Sphere 1.prefab using Guid(d529f14e812896a4593819c1bd09e724) Importer(815301076,1909f56bfc062723c751e8b465ee728b)  -> (artifact id: '53092345ad22cc92624f5a2dbe192b90') in 0.052801 seconds
  Import took 0.055010 seconds .

========================================================================
Received Import Request.
  Time since last request: 10.704125 seconds.
  path: Assets/Scenes/Prefeb/Sphere.prefab
  artifactKey: Guid(d529f14e812896a4593819c1bd09e724) Importer(815301076,1909f56bfc062723c751e8b465ee728b)
Start importing Assets/Scenes/Prefeb/Sphere.prefab using Guid(d529f14e812896a4593819c1bd09e724) Importer(815301076,1909f56bfc062723c751e8b465ee728b)  -> (artifact id: '5ca8f639ec2242e7e64ef4aead648441') in 0.006837 seconds
  Import took 0.008926 seconds .

========================================================================
Received Prepare
Registering precompiled user dll's ...
Registered in 0.002472 seconds.
Begin MonoManager ReloadAssembly
Native extension for WindowsStandalone target not found
Refreshing native plugins compatible for Editor in 0.28 ms, found 2 plugins.
Preloading 0 native plugins for Editor in 0.00 ms.
Mono: successfully reloaded assembly
- Completed reload, in  0.785 seconds
Platform modules already initialized, skipping
Refreshing native plugins compatible for Editor in 0.28 ms, found 2 plugins.
Preloading 0 native plugins for Editor in 0.00 ms.
Unloading 1396 Unused Serialized files (Serialized files now loaded: 0)
System memory in use before: 87.9 MB.
System memory in use after: 88.0 MB.

Unloading 14 unused Assets to reduce memory usage. Loaded Objects now: 1900.
Total: 1.905100 ms (FindLiveObjects: 0.163200 ms CreateObjectMapping: 0.042400 ms MarkObjects: 1.680500 ms  DeleteObjects: 0.018300 ms)

========================================================================
Received Import Request.
  Time since last request: 100.848257 seconds.
  path: Assets/Scenes/Prefeb/Sphere.prefab
  artifactKey: Guid(d529f14e812896a4593819c1bd09e724) Importer(815301076,1909f56bfc062723c751e8b465ee728b)
Start importing Assets/Scenes/Prefeb/Sphere.prefab using Guid(d529f14e812896a4593819c1bd09e724) Importer(815301076,1909f56bfc062723c751e8b465ee728b)  -> (artifact id: 'f21b48a71a775cf98d1e608b72511b20') in 0.044339 seconds
  Import took 0.046327 seconds .

========================================================================
Received Prepare
Registering precompiled user dll's ...
Registered in 0.002554 seconds.
Begin MonoManager ReloadAssembly
Native extension for WindowsStandalone target not found
Refreshing native plugins compatible for Editor in 0.29 ms, found 2 plugins.
Preloading 0 native plugins for Editor in 0.00 ms.
Mono: successfully reloaded assembly
- Completed reload, in  0.790 seconds
Platform modules already initialized, skipping
Refreshing native plugins compatible for Editor in 0.28 ms, found 2 plugins.
Preloading 0 native plugins for Editor in 0.00 ms.
Unloading 1396 Unused Serialized files (Serialized files now loaded: 0)
System memory in use before: 87.9 MB.
System memory in use after: 88.0 MB.

Unloading 14 unused Assets to reduce memory usage. Loaded Objects now: 1904.
Total: 1.869900 ms (FindLiveObjects: 0.151300 ms CreateObjectMapping: 0.032700 ms MarkObjects: 1.666700 ms  DeleteObjects: 0.018400 ms)

========================================================================
Received Prepare
Registering precompiled user dll's ...
Registered in 0.002445 seconds.
Begin MonoManager ReloadAssembly
Native extension for WindowsStandalone target not found
Refreshing native plugins compatible for Editor in 0.28 ms, found 2 plugins.
Preloading 0 native plugins for Editor in 0.00 ms.
Mono: successfully reloaded assembly
- Completed reload, in  0.797 seconds
Platform modules already initialized, skipping
Refreshing native plugins compatible for Editor in 0.28 ms, found 2 plugins.
Preloading 0 native plugins for Editor in 0.00 ms.
Unloading 1396 Unused Serialized files (Serialized files now loaded: 0)
System memory in use before: 87.9 MB.
System memory in use after: 88.0 MB.

Unloading 13 unused Assets to reduce memory usage. Loaded Objects now: 1907.
Total: 1.733100 ms (FindLiveObjects: 0.131300 ms CreateObjectMapping: 0.034300 ms MarkObjects: 1.553300 ms  DeleteObjects: 0.013100 ms)

========================================================================
Received Import Request.
  Time since last request: 140.807594 seconds.
  path: Assets/Scenes/Prefeb/Sphere.prefab
  artifactKey: Guid(d529f14e812896a4593819c1bd09e724) Importer(815301076,1909f56bfc062723c751e8b465ee728b)
Start importing Assets/Scenes/Prefeb/Sphere.prefab using Guid(d529f14e812896a4593819c1bd09e724) Importer(815301076,1909f56bfc062723c751e8b465ee728b)  -> (artifact id: 'c8ce7e4c7ce64de983c6f887b1671ba6') in 0.043529 seconds
  Import took 0.045473 seconds .

========================================================================
Received Prepare
Registering precompiled user dll's ...
Registered in 0.002395 seconds.
Begin MonoManager ReloadAssembly
Native extension for WindowsStandalone target not found
Refreshing native plugins compatible for Editor in 0.28 ms, found 2 plugins.
Preloading 0 native plugins for Editor in 0.00 ms.
Mono: successfully reloaded assembly
- Completed reload, in  0.797 seconds
Platform modules already initialized, skipping
Refreshing native plugins compatible for Editor in 0.27 ms, found 2 plugins.
Preloading 0 native plugins for Editor in 0.00 ms.
Unloading 1396 Unused Serialized files (Serialized files now loaded: 0)
System memory in use before: 87.9 MB.
System memory in use after: 88.0 MB.

Unloading 14 unused Assets to reduce memory usage. Loaded Objects now: 1911.
Total: 1.953600 ms (FindLiveObjects: 0.154100 ms CreateObjectMapping: 0.034600 ms MarkObjects: 1.743200 ms  DeleteObjects: 0.020700 ms)

========================================================================
Received Prepare
Registering precompiled user dll's ...
Registered in 0.002589 seconds.
Begin MonoManager ReloadAssembly
Native extension for WindowsStandalone target not found
Refreshing native plugins compatible for Editor in 0.28 ms, found 2 plugins.
Preloading 0 native plugins for Editor in 0.00 ms.
Mono: successfully reloaded assembly
- Completed reload, in  0.778 seconds
Platform modules already initialized, skipping
Refreshing native plugins compatible for Editor in 0.27 ms, found 2 plugins.
Preloading 0 native plugins for Editor in 0.00 ms.
Unloading 1396 Unused Serialized files (Serialized files now loaded: 0)
System memory in use before: 87.9 MB.
System memory in use after: 88.0 MB.

Unloading 13 unused Assets to reduce memory usage. Loaded Objects now: 1914.
Total: 1.943800 ms (FindLiveObjects: 0.150700 ms CreateObjectMapping: 0.031800 ms MarkObjects: 1.746700 ms  DeleteObjects: 0.013900 ms)

========================================================================
Received Prepare
Registering precompiled user dll's ...
Registered in 0.002427 seconds.
Begin MonoManager ReloadAssembly
Native extension for WindowsStandalone target not found
Refreshing native plugins compatible for Editor in 0.28 ms, found 2 plugins.
Preloading 0 native plugins for Editor in 0.00 ms.
Mono: successfully reloaded assembly
- Completed reload, in  0.796 seconds
Platform modules already initialized, skipping
Refreshing native plugins compatible for Editor in 0.28 ms, found 2 plugins.
Preloading 0 native plugins for Editor in 0.00 ms.
Unloading 1396 Unused Serialized files (Serialized files now loaded: 0)
System memory in use before: 87.9 MB.
System memory in use after: 88.0 MB.

Unloading 13 unused Assets to reduce memory usage. Loaded Objects now: 1917.
Total: 1.715600 ms (FindLiveObjects: 0.127600 ms CreateObjectMapping: 0.035200 ms MarkObjects: 1.539100 ms  DeleteObjects: 0.012900 ms)

========================================================================
Received Prepare
Registering precompiled user dll's ...
Registered in 0.002492 seconds.
Begin MonoManager ReloadAssembly
Native extension for WindowsStandalone target not found
Refreshing native plugins compatible for Editor in 0.29 ms, found 2 plugins.
Preloading 0 native plugins for Editor in 0.00 ms.
Mono: successfully reloaded assembly
- Completed reload, in  0.793 seconds
Platform modules already initialized, skipping
Refreshing native plugins compatible for Editor in 0.28 ms, found 2 plugins.
Preloading 0 native plugins for Editor in 0.00 ms.
Unloading 1396 Unused Serialized files (Serialized files now loaded: 0)
System memory in use before: 87.9 MB.
System memory in use after: 88.0 MB.

Unloading 13 unused Assets to reduce memory usage. Loaded Objects now: 1920.
Total: 2.097200 ms (FindLiveObjects: 0.150600 ms CreateObjectMapping: 0.033500 ms MarkObjects: 1.896200 ms  DeleteObjects: 0.016300 ms)

========================================================================
Received Prepare
Registering precompiled user dll's ...
Registered in 0.002468 seconds.
Begin MonoManager ReloadAssembly
Native extension for WindowsStandalone target not found
Refreshing native plugins compatible for Editor in 0.28 ms, found 2 plugins.
Preloading 0 native plugins for Editor in 0.00 ms.
Mono: successfully reloaded assembly
- Completed reload, in  0.786 seconds
Platform modules already initialized, skipping
Refreshing native plugins compatible for Editor in 0.28 ms, found 2 plugins.
Preloading 0 native plugins for Editor in 0.00 ms.
Unloading 1396 Unused Serialized files (Serialized files now loaded: 0)
System memory in use before: 87.9 MB.
System memory in use after: 88.0 MB.

Unloading 13 unused Assets to reduce memory usage. Loaded Objects now: 1923.
Total: 1.812200 ms (FindLiveObjects: 0.168200 ms CreateObjectMapping: 0.039100 ms MarkObjects: 1.588500 ms  DeleteObjects: 0.015600 ms)

========================================================================
Received Prepare
Registering precompiled user dll's ...
Registered in 0.002514 seconds.
Begin MonoManager ReloadAssembly
Native extension for WindowsStandalone target not found
Refreshing native plugins compatible for Editor in 0.30 ms, found 2 plugins.
Preloading 0 native plugins for Editor in 0.00 ms.
Mono: successfully reloaded assembly
- Completed reload, in  0.837 seconds
Platform modules already initialized, skipping
Refreshing native plugins compatible for Editor in 0.29 ms, found 2 plugins.
Preloading 0 native plugins for Editor in 0.00 ms.
Unloading 1396 Unused Serialized files (Serialized files now loaded: 0)
System memory in use before: 87.9 MB.
System memory in use after: 88.0 MB.

Unloading 13 unused Assets to reduce memory usage. Loaded Objects now: 1926.
Total: 1.878400 ms (FindLiveObjects: 0.172900 ms CreateObjectMapping: 0.052900 ms MarkObjects: 1.634900 ms  DeleteObjects: 0.016800 ms)

========================================================================
Received Prepare
Registering precompiled user dll's ...
Registered in 0.002580 seconds.
Begin MonoManager ReloadAssembly
Native extension for WindowsStandalone target not found
Refreshing native plugins compatible for Editor in 0.42 ms, found 2 plugins.
Preloading 0 native plugins for Editor in 0.00 ms.
Mono: successfully reloaded assembly
- Completed reload, in  0.850 seconds
Platform modules already initialized, skipping
Refreshing native plugins compatible for Editor in 0.29 ms, found 2 plugins.
Preloading 0 native plugins for Editor in 0.00 ms.
Unloading 1396 Unused Serialized files (Serialized files now loaded: 0)
System memory in use before: 87.9 MB.
System memory in use after: 88.0 MB.

Unloading 13 unused Assets to reduce memory usage. Loaded Objects now: 1929.
Total: 1.802800 ms (FindLiveObjects: 0.163400 ms CreateObjectMapping: 0.041500 ms MarkObjects: 1.581200 ms  DeleteObjects: 0.015300 ms)

========================================================================
Received Prepare
Registering precompiled user dll's ...
Registered in 0.002421 seconds.
Begin MonoManager ReloadAssembly
Native extension for WindowsStandalone target not found
Refreshing native plugins compatible for Editor in 0.29 ms, found 2 plugins.
Preloading 0 native plugins for Editor in 0.00 ms.
Mono: successfully reloaded assembly
- Completed reload, in  0.802 seconds
Platform modules already initialized, skipping
Refreshing native plugins compatible for Editor in 0.28 ms, found 2 plugins.
Preloading 0 native plugins for Editor in 0.00 ms.
Unloading 1396 Unused Serialized files (Serialized files now loaded: 0)
System memory in use before: 87.9 MB.
System memory in use after: 88.0 MB.

Unloading 13 unused Assets to reduce memory usage. Loaded Objects now: 1932.
Total: 1.848400 ms (FindLiveObjects: 0.153400 ms CreateObjectMapping: 0.032800 ms MarkObjects: 1.647600 ms  DeleteObjects: 0.013800 ms)

========================================================================
Received Import Request.
  Time since last request: 620.199927 seconds.
  path: Assets/Scenes/Scripts/Mono/DDestory.cs
  artifactKey: Guid(8f80569a2ca20fb4baeb506d4314759d) Importer(815301076,1909f56bfc062723c751e8b465ee728b)
Start importing Assets/Scenes/Scripts/Mono/DDestory.cs using Guid(8f80569a2ca20fb4baeb506d4314759d) Importer(815301076,1909f56bfc062723c751e8b465ee728b)  -> (artifact id: 'c8d202c2961d11ea817166b4ca1e226b') in 0.004131 seconds
  Import took 0.006196 seconds .

========================================================================
Received Import Request.
  Time since last request: 0.070694 seconds.
  path: Assets/Scenes/Scripts/Mono/DDestory.cs
  artifactKey: Guid(8f80569a2ca20fb4baeb506d4314759d) Importer(815301076,1909f56bfc062723c751e8b465ee728b)
Start importing Assets/Scenes/Scripts/Mono/DDestory.cs using Guid(8f80569a2ca20fb4baeb506d4314759d) Importer(815301076,1909f56bfc062723c751e8b465ee728b)  -> (artifact id: 'c8d202c2961d11ea817166b4ca1e226b') in 0.001742 seconds
  Import took 0.003782 seconds .

========================================================================
Received Import Request.
  Time since last request: 29.148100 seconds.
  path: Assets/Scenes/Prefeb/Sphere.prefab
  artifactKey: Guid(d529f14e812896a4593819c1bd09e724) Importer(815301076,1909f56bfc062723c751e8b465ee728b)
Start importing Assets/Scenes/Prefeb/Sphere.prefab using Guid(d529f14e812896a4593819c1bd09e724) Importer(815301076,1909f56bfc062723c751e8b465ee728b)  -> (artifact id: 'b56315bf346f399d76ef8ef4875ce734') in 0.050599 seconds
  Import took 0.052730 seconds .

========================================================================
Received Prepare
Registering precompiled user dll's ...
Registered in 0.002753 seconds.
Begin MonoManager ReloadAssembly
Native extension for WindowsStandalone target not found
Refreshing native plugins compatible for Editor in 0.28 ms, found 2 plugins.
Preloading 0 native plugins for Editor in 0.00 ms.
Mono: successfully reloaded assembly
- Completed reload, in  0.768 seconds
Platform modules already initialized, skipping
Refreshing native plugins compatible for Editor in 0.27 ms, found 2 plugins.
Preloading 0 native plugins for Editor in 0.00 ms.
Unloading 1396 Unused Serialized files (Serialized files now loaded: 0)
System memory in use before: 87.9 MB.
System memory in use after: 88.0 MB.

Unloading 14 unused Assets to reduce memory usage. Loaded Objects now: 1936.
Total: 1.949400 ms (FindLiveObjects: 0.147800 ms CreateObjectMapping: 0.033000 ms MarkObjects: 1.747500 ms  DeleteObjects: 0.020300 ms)

========================================================================
Received Import Request.
  Time since last request: 1873.473024 seconds.
  path: Assets/Scenes/Scripts/Mono/New Folder
  artifactKey: Guid(dbe00d990ab045c4d8d8ee2c31cc0405) Importer(815301076,1909f56bfc062723c751e8b465ee728b)
Start importing Assets/Scenes/Scripts/Mono/New Folder using Guid(dbe00d990ab045c4d8d8ee2c31cc0405) Importer(815301076,1909f56bfc062723c751e8b465ee728b)  -> (artifact id: 'c243c0763ef841841c83211e100879c0') in 0.005807 seconds
  Import took 0.008672 seconds .

========================================================================
Received Import Request.
  Time since last request: 3.120431 seconds.
  path: Assets/Scenes/Scripts/Mono/Primary programming
  artifactKey: Guid(dbe00d990ab045c4d8d8ee2c31cc0405) Importer(815301076,1909f56bfc062723c751e8b465ee728b)
Start importing Assets/Scenes/Scripts/Mono/Primary programming using Guid(dbe00d990ab045c4d8d8ee2c31cc0405) Importer(815301076,1909f56bfc062723c751e8b465ee728b)  -> (artifact id: 'f235eb8728bc42c3fbc95ab6e6aeaa54') in 0.003038 seconds
  Import took 0.005656 seconds .

========================================================================
Received Prepare
Registering precompiled user dll's ...
Registered in 0.002594 seconds.
Begin MonoManager ReloadAssembly
Native extension for WindowsStandalone target not found
Refreshing native plugins compatible for Editor in 0.28 ms, found 2 plugins.
Preloading 0 native plugins for Editor in 0.00 ms.
Mono: successfully reloaded assembly
- Completed reload, in  0.807 seconds
Platform modules already initialized, skipping
Refreshing native plugins compatible for Editor in 0.30 ms, found 2 plugins.
Preloading 0 native plugins for Editor in 0.00 ms.
Unloading 1396 Unused Serialized files (Serialized files now loaded: 0)
System memory in use before: 88.0 MB.
System memory in use after: 88.1 MB.

Unloading 13 unused Assets to reduce memory usage. Loaded Objects now: 1939.
Total: 1.883200 ms (FindLiveObjects: 0.166600 ms CreateObjectMapping: 0.042100 ms MarkObjects: 1.651300 ms  DeleteObjects: 0.021600 ms)

========================================================================
Received Import Request.
  Time since last request: 14.543963 seconds.
  path: Assets/Scenes/Scripts/Mono/Advanced programming
  artifactKey: Guid(dc747869338009d4ea530ea5241c8b1f) Importer(815301076,1909f56bfc062723c751e8b465ee728b)
Start importing Assets/Scenes/Scripts/Mono/Advanced programming using Guid(dc747869338009d4ea530ea5241c8b1f) Importer(815301076,1909f56bfc062723c751e8b465ee728b)  -> (artifact id: '46a2f48f972721d9745ae75c88c17639') in 0.004253 seconds
  Import took 0.006710 seconds .

AssetImportWorkerClient::OnTransportError - code=2 error=End of file
