Using pre-set license
Built from '2020.3/china_unity/release' branch; Version is '2020.3.10f1c1 (65978a05d4e9) revision 6657930'; Using compiler version '192528614'; Build Type 'Release'
OS: 'Windows 10 Pro; OS build 19042.1415; Version 2009; 64bit' Language: 'zh' Physical Memory: 32702 MB
BatchMode: 1, IsHumanControllingUs: 0, StartBugReporterOnCrash: 0, Is64bit: 1, IsPro: 0

 COMMAND LINE ARGUMENTS:
D:\Unity3D\Unity2020310\Unity\Editor\Unity.exe
-adb2
-batchMode
-noUpm
-name
AssetImportWorker0
-projectPath
E:/Unity3DProject/QuickStart
-logFile
Logs/AssetImportWorker0.log
-srvPort
55647
Successfully changed project path to: E:/Unity3DProject/QuickStart
E:/Unity3DProject/QuickStart
Using Asset Import Pipeline V2.
Refreshing native plugins compatible for Editor in 22.84 ms, found 2 plugins.
Preloading 0 native plugins for Editor in 0.00 ms.
Initialize engine version: 2020.3.10f1c1 (65978a05d4e9)
[Subsystems] Discovering subsystems at path D:/Unity3D/Unity2020310/Unity/Editor/Data/Resources/UnitySubsystems
[Subsystems] Discovering subsystems at path E:/Unity3DProject/QuickStart/Assets
GfxDevice: creating device client; threaded=0
Direct3D:
    Version:  Direct3D 11.0 [level 11.1]
    Renderer: NVIDIA GeForce GTX 1660 (ID=0x2184)
    Vendor:   
    VRAM:     5991 MB
    Driver:   27.21.14.5671
Initialize mono
Mono path[0] = 'D:/Unity3D/Unity2020310/Unity/Editor/Data/Managed'
Mono path[1] = 'D:/Unity3D/Unity2020310/Unity/Editor/Data/MonoBleedingEdge/lib/mono/unityjit'
Mono config path = 'D:/Unity3D/Unity2020310/Unity/Editor/Data/MonoBleedingEdge/etc'
Using monoOptions --debugger-agent=transport=dt_socket,embedding=1,server=y,suspend=n,address=127.0.0.1:56260
Begin MonoManager ReloadAssembly
Registering precompiled unity dll's ...
Register platform support module: D:/Unity3D/Unity2020310/Unity/Editor/Data/PlaybackEngines/WindowsStandaloneSupport/UnityEditor.WindowsStandalone.Extensions.dll
Registered in 0.000922 seconds.
Native extension for WindowsStandalone target not found
Refreshing native plugins compatible for Editor in 22.49 ms, found 2 plugins.
Preloading 0 native plugins for Editor in 0.00 ms.
Mono: successfully reloaded assembly
- Completed reload, in  0.711 seconds
Platform modules already initialized, skipping
Registering precompiled user dll's ...
Registered in 0.002415 seconds.
Begin MonoManager ReloadAssembly
Native extension for WindowsStandalone target not found
Refreshing native plugins compatible for Editor in 0.27 ms, found 2 plugins.
Preloading 0 native plugins for Editor in 0.00 ms.
Mono: successfully reloaded assembly
- Completed reload, in  0.845 seconds
Platform modules already initialized, skipping
========================================================================
Worker process is ready to serve import requests
Launched and connected shader compiler UnityShaderCompiler.exe after 0.04 seconds
Refreshing native plugins compatible for Editor in 0.27 ms, found 2 plugins.
Preloading 0 native plugins for Editor in 0.00 ms.
Unloading 1399 Unused Serialized files (Serialized files now loaded: 0)
System memory in use before: 65.1 MB.
System memory in use after: 65.2 MB.

Unloading 18 unused Assets to reduce memory usage. Loaded Objects now: 1835.
Total: 1.668000 ms (FindLiveObjects: 0.154300 ms CreateObjectMapping: 0.046200 ms MarkObjects: 1.415000 ms  DeleteObjects: 0.051500 ms)

========================================================================
Received Import Request.
  path: Assets/Instantiating Prefabs Examples/Packages
  artifactKey: Guid(cc81d55785e1f8c4093d6a6d25a7f386) Importer(815301076,1909f56bfc062723c751e8b465ee728b)
Start importing Assets/Instantiating Prefabs Examples/Packages using Guid(cc81d55785e1f8c4093d6a6d25a7f386) Importer(815301076,1909f56bfc062723c751e8b465ee728b)  -> (artifact id: 'b67593eedbbd0ef8dd5802ed6f8727a5') in 0.003235 seconds
  Import took 0.004855 seconds .

========================================================================
Received Import Request.
  Time since last request: 13.472211 seconds.
  path: Assets/TestScript/Init/QuickStart.cs
  artifactKey: Guid(60ce9eb3ced47e342b58c8d0f8f3b607) Importer(815301076,1909f56bfc062723c751e8b465ee728b)
Start importing Assets/TestScript/Init/QuickStart.cs using Guid(60ce9eb3ced47e342b58c8d0f8f3b607) Importer(815301076,1909f56bfc062723c751e8b465ee728b)  -> (artifact id: '64517fa0b00a6a6246bc72c92c407e86') in 0.020296 seconds
  Import took 0.040142 seconds .

========================================================================
Received Import Request.
  Time since last request: 0.032776 seconds.
  path: Assets/TestScript/Init/QuickStart.cs
  artifactKey: Guid(60ce9eb3ced47e342b58c8d0f8f3b607) Importer(815301076,1909f56bfc062723c751e8b465ee728b)
Start importing Assets/TestScript/Init/QuickStart.cs using Guid(60ce9eb3ced47e342b58c8d0f8f3b607) Importer(815301076,1909f56bfc062723c751e8b465ee728b)  -> (artifact id: '64517fa0b00a6a6246bc72c92c407e86') in 0.001330 seconds
  Import took 0.003174 seconds .

========================================================================
Received Import Request.
  Time since last request: 2.942961 seconds.
  path: Assets/TestScript/TestPreFab/Fire.cs
  artifactKey: Guid(42cb777b93f1f6c499a8ce613ff4a647) Importer(815301076,1909f56bfc062723c751e8b465ee728b)
Start importing Assets/TestScript/TestPreFab/Fire.cs using Guid(42cb777b93f1f6c499a8ce613ff4a647) Importer(815301076,1909f56bfc062723c751e8b465ee728b)  -> (artifact id: '4457198a322959e91c23fe64ba3cf141') in 0.001576 seconds
  Import took 0.003392 seconds .

========================================================================
Received Import Request.
  Time since last request: 0.000708 seconds.
  path: Assets/TestScript/TestPreFab/Fire.cs
  artifactKey: Guid(42cb777b93f1f6c499a8ce613ff4a647) Importer(815301076,1909f56bfc062723c751e8b465ee728b)
Start importing Assets/TestScript/TestPreFab/Fire.cs using Guid(42cb777b93f1f6c499a8ce613ff4a647) Importer(815301076,1909f56bfc062723c751e8b465ee728b)  -> (artifact id: '4457198a322959e91c23fe64ba3cf141') in 0.001238 seconds
  Import took 0.002968 seconds .

========================================================================
Received Import Request.
  Time since last request: 2.753588 seconds.
  path: Assets/TestScript/TestPreFab/Wall.cs
  artifactKey: Guid(01a18980d896275478ca635e2a09d1b0) Importer(815301076,1909f56bfc062723c751e8b465ee728b)
Start importing Assets/TestScript/TestPreFab/Wall.cs using Guid(01a18980d896275478ca635e2a09d1b0) Importer(815301076,1909f56bfc062723c751e8b465ee728b)  -> (artifact id: 'c00ee1a578f8fad18f438dbb8f24548e') in 0.001568 seconds
  Import took 0.003808 seconds .

========================================================================
Received Prepare
Refreshing native plugins compatible for Editor in 1.93 ms, found 2 plugins.
Preloading 0 native plugins for Editor in 0.00 ms.
Unloading 11 Unused Serialized files (Serialized files now loaded: 0)
System memory in use before: 37.5 MB.
System memory in use after: 37.6 MB.

Unloading 11 unused Assets to reduce memory usage. Loaded Objects now: 1835.
Total: 1.824000 ms (FindLiveObjects: 0.144600 ms CreateObjectMapping: 0.037900 ms MarkObjects: 1.632100 ms  DeleteObjects: 0.008700 ms)

========================================================================
Received Prepare
Registering precompiled user dll's ...
Registered in 0.002556 seconds.
Begin MonoManager ReloadAssembly
Native extension for WindowsStandalone target not found
Refreshing native plugins compatible for Editor in 0.29 ms, found 2 plugins.
Preloading 0 native plugins for Editor in 0.00 ms.
Mono: successfully reloaded assembly
- Completed reload, in  0.930 seconds
Platform modules already initialized, skipping
Refreshing native plugins compatible for Editor in 0.28 ms, found 2 plugins.
Preloading 0 native plugins for Editor in 0.00 ms.
Unloading 1390 Unused Serialized files (Serialized files now loaded: 0)
System memory in use before: 64.9 MB.
System memory in use after: 65.0 MB.

Unloading 16 unused Assets to reduce memory usage. Loaded Objects now: 1835.
Total: 1.850600 ms (FindLiveObjects: 0.138400 ms CreateObjectMapping: 0.037400 ms MarkObjects: 1.647700 ms  DeleteObjects: 0.026000 ms)

========================================================================
Received Prepare
Registering precompiled user dll's ...
Registered in 0.002309 seconds.
Begin MonoManager ReloadAssembly
Native extension for WindowsStandalone target not found
Refreshing native plugins compatible for Editor in 0.28 ms, found 2 plugins.
Preloading 0 native plugins for Editor in 0.00 ms.
Mono: successfully reloaded assembly
- Completed reload, in  0.793 seconds
Platform modules already initialized, skipping
Refreshing native plugins compatible for Editor in 0.28 ms, found 2 plugins.
Preloading 0 native plugins for Editor in 0.00 ms.
Unloading 1388 Unused Serialized files (Serialized files now loaded: 0)
System memory in use before: 64.9 MB.
System memory in use after: 65.0 MB.

Unloading 15 unused Assets to reduce memory usage. Loaded Objects now: 1836.
Total: 1.764000 ms (FindLiveObjects: 0.121200 ms CreateObjectMapping: 0.034000 ms MarkObjects: 1.592500 ms  DeleteObjects: 0.015700 ms)

AssetImportWorkerClient::OnTransportError - code=2 error=End of file
