Using pre-set license
Built from '2020.3/china_unity/release' branch; Version is '2020.3.10f1c1 (65978a05d4e9) revision 6657930'; Using compiler version '192528614'; Build Type 'Release'
OS: 'Windows 10 Pro; OS build 19042.1415; Version 2009; 64bit' Language: 'zh' Physical Memory: 32702 MB
BatchMode: 1, IsHumanControllingUs: 0, StartBugReporterOnCrash: 0, Is64bit: 1, IsPro: 0

 COMMAND LINE ARGUMENTS:
D:\Unity3D\Unity2020310\Unity\Editor\Unity.exe
-adb2
-batchMode
-noUpm
-name
AssetImportWorker0
-projectPath
F:/Yundid/YumiGame/LearningProjects/QuickStart
-logFile
Logs/AssetImportWorker0.log
-srvPort
51131
Successfully changed project path to: F:/Yundid/YumiGame/LearningProjects/QuickStart
F:/Yundid/YumiGame/LearningProjects/QuickStart
Using Asset Import Pipeline V2.
Refreshing native plugins compatible for Editor in 22.82 ms, found 2 plugins.
Preloading 0 native plugins for Editor in 0.00 ms.
Initialize engine version: 2020.3.10f1c1 (65978a05d4e9)
[Subsystems] Discovering subsystems at path D:/Unity3D/Unity2020310/Unity/Editor/Data/Resources/UnitySubsystems
[Subsystems] Discovering subsystems at path F:/Yundid/YumiGame/LearningProjects/QuickStart/Assets
GfxDevice: creating device client; threaded=0
Direct3D:
    Version:  Direct3D 11.0 [level 11.1]
    Renderer: NVIDIA GeForce GTX 1660 (ID=0x2184)
    Vendor:   
    VRAM:     5991 MB
    Driver:   27.21.14.5671
Initialize mono
Mono path[0] = 'D:/Unity3D/Unity2020310/Unity/Editor/Data/Managed'
Mono path[1] = 'D:/Unity3D/Unity2020310/Unity/Editor/Data/MonoBleedingEdge/lib/mono/unityjit'
Mono config path = 'D:/Unity3D/Unity2020310/Unity/Editor/Data/MonoBleedingEdge/etc'
Using monoOptions --debugger-agent=transport=dt_socket,embedding=1,server=y,suspend=n,address=127.0.0.1:56016
Begin MonoManager ReloadAssembly
Registering precompiled unity dll's ...
Register platform support module: D:/Unity3D/Unity2020310/Unity/Editor/Data/PlaybackEngines/WindowsStandaloneSupport/UnityEditor.WindowsStandalone.Extensions.dll
Registered in 0.000960 seconds.
Native extension for WindowsStandalone target not found
Refreshing native plugins compatible for Editor in 21.91 ms, found 2 plugins.
Preloading 0 native plugins for Editor in 0.00 ms.
Mono: successfully reloaded assembly
- Completed reload, in  0.769 seconds
Platform modules already initialized, skipping
Registering precompiled user dll's ...
Registered in 0.002277 seconds.
Begin MonoManager ReloadAssembly
Native extension for WindowsStandalone target not found
Refreshing native plugins compatible for Editor in 0.27 ms, found 2 plugins.
Preloading 0 native plugins for Editor in 0.00 ms.
Mono: successfully reloaded assembly
- Completed reload, in  0.852 seconds
Platform modules already initialized, skipping
========================================================================
Worker process is ready to serve import requests
Launched and connected shader compiler UnityShaderCompiler.exe after 0.05 seconds
Refreshing native plugins compatible for Editor in 0.27 ms, found 2 plugins.
Preloading 0 native plugins for Editor in 0.00 ms.
Unloading 1394 Unused Serialized files (Serialized files now loaded: 0)
System memory in use before: 65.1 MB.
System memory in use after: 65.2 MB.

Unloading 18 unused Assets to reduce memory usage. Loaded Objects now: 1830.
Total: 1.799500 ms (FindLiveObjects: 0.151300 ms CreateObjectMapping: 0.036300 ms MarkObjects: 1.560300 ms  DeleteObjects: 0.050900 ms)

========================================================================
Received Import Request.
  path: Assets/Instantiating Prefabs Examples/Assets/Scripts
  artifactKey: Guid(d5ed971214de41d449a41aeeb9f15b95) Importer(815301076,1909f56bfc062723c751e8b465ee728b)
Start importing Assets/Instantiating Prefabs Examples/Assets/Scripts using Guid(d5ed971214de41d449a41aeeb9f15b95) Importer(815301076,1909f56bfc062723c751e8b465ee728b)  -> (artifact id: '00000000000000000000000000000000') in 0.058064 seconds
  ERROR: Build asset version error: assets/instantiating prefabs examples/assets/scripts.meta in SourceAssetDB has modification time of '2019-03-11T14:50:04.0093365Z' while content on disk has modification time of '0001-01-01T00:00:00Z'
  Import took 0.059838 seconds .

========================================================================
Received Import Request.
  Time since last request: 5.887617 seconds.
  path: Assets/Instantiating Prefabs Examples/Assets/Scripts/Wall.cs
  artifactKey: Guid(9aa2d4d4ec5a04846a7e5da8b193bd37) Importer(815301076,1909f56bfc062723c751e8b465ee728b)
Start importing Assets/Instantiating Prefabs Examples/Assets/Scripts/Wall.cs using Guid(9aa2d4d4ec5a04846a7e5da8b193bd37) Importer(815301076,1909f56bfc062723c751e8b465ee728b)  -> (artifact id: 'd4371b5cf5715d36f5077511cda6cb5e') in 0.237238 seconds
  Import took 0.239111 seconds .

========================================================================
Received Import Request.
  Time since last request: 1.096755 seconds.
  path: Assets/Instantiating Prefabs Examples/Assets/Scripts
  artifactKey: Guid(d5ed971214de41d449a41aeeb9f15b95) Importer(815301076,1909f56bfc062723c751e8b465ee728b)
Start importing Assets/Instantiating Prefabs Examples/Assets/Scripts using Guid(d5ed971214de41d449a41aeeb9f15b95) Importer(815301076,1909f56bfc062723c751e8b465ee728b)  -> (artifact id: 'e6b3e8f92c3bc6df0f9949a8c3426303') in 0.037916 seconds
  Import took 0.039797 seconds .

========================================================================
Received Import Request.
  Time since last request: 11.807777 seconds.
  path: Assets/Instantiating Prefabs Examples/Assets/Scripts/MonoScripts
  artifactKey: Guid(c6cffa92955060b41af4bb9f94f86409) Importer(815301076,1909f56bfc062723c751e8b465ee728b)
Start importing Assets/Instantiating Prefabs Examples/Assets/Scripts/MonoScripts using Guid(c6cffa92955060b41af4bb9f94f86409) Importer(815301076,1909f56bfc062723c751e8b465ee728b)  -> (artifact id: '1baa247256e202c69233fbe62ef65f64') in 0.001511 seconds
  Import took 0.003442 seconds .

========================================================================
Received Prepare
Registering precompiled user dll's ...
Registered in 0.002196 seconds.
Begin MonoManager ReloadAssembly
Native extension for WindowsStandalone target not found
Refreshing native plugins compatible for Editor in 0.31 ms, found 2 plugins.
Preloading 0 native plugins for Editor in 0.00 ms.
Mono: successfully reloaded assembly
- Completed reload, in  0.788 seconds
Platform modules already initialized, skipping
Refreshing native plugins compatible for Editor in 0.27 ms, found 2 plugins.
Preloading 0 native plugins for Editor in 0.00 ms.
Unloading 1388 Unused Serialized files (Serialized files now loaded: 0)
System memory in use before: 64.9 MB.
System memory in use after: 65.0 MB.

Unloading 13 unused Assets to reduce memory usage. Loaded Objects now: 1833.
Total: 1.854100 ms (FindLiveObjects: 0.137500 ms CreateObjectMapping: 0.032200 ms MarkObjects: 1.670800 ms  DeleteObjects: 0.012600 ms)

========================================================================
Received Import Request.
  Time since last request: 20.360238 seconds.
  path: Assets/Instantiating Prefabs Examples/Assets/Scripts/AnimationScripts
  artifactKey: Guid(61b9d26f5d1ecf548b3b80a7960e1bbd) Importer(815301076,1909f56bfc062723c751e8b465ee728b)
Start importing Assets/Instantiating Prefabs Examples/Assets/Scripts/AnimationScripts using Guid(61b9d26f5d1ecf548b3b80a7960e1bbd) Importer(815301076,1909f56bfc062723c751e8b465ee728b)  -> (artifact id: '3906a102a2e1b4e281c91403ddb1f30d') in 0.003348 seconds
  Import took 0.005473 seconds .

========================================================================
Received Import Request.
  Time since last request: 0.007936 seconds.
  path: Assets/Instantiating Prefabs Examples/Assets/Scripts/AnimationScripts
  artifactKey: Guid(61b9d26f5d1ecf548b3b80a7960e1bbd) Importer(815301076,1909f56bfc062723c751e8b465ee728b)
Start importing Assets/Instantiating Prefabs Examples/Assets/Scripts/AnimationScripts using Guid(61b9d26f5d1ecf548b3b80a7960e1bbd) Importer(815301076,1909f56bfc062723c751e8b465ee728b)  -> (artifact id: '3906a102a2e1b4e281c91403ddb1f30d') in 0.001345 seconds
  Import took 0.003225 seconds .

========================================================================
Received Import Request.
  Time since last request: 14.408860 seconds.
  path: Assets/Instantiating Prefabs Examples/Assets/Scripts/MonoScripts/Collision.cs
  artifactKey: Guid(dfc33448c355bf142a8e22fcd0a6b49d) Importer(815301076,1909f56bfc062723c751e8b465ee728b)
Start importing Assets/Instantiating Prefabs Examples/Assets/Scripts/MonoScripts/Collision.cs using Guid(dfc33448c355bf142a8e22fcd0a6b49d) Importer(815301076,1909f56bfc062723c751e8b465ee728b)  -> (artifact id: 'e94e30778c0993e92a68d60280a04e4a') in 0.001365 seconds
  Import took 0.003199 seconds .

========================================================================
Received Import Request.
  Time since last request: 0.002268 seconds.
  path: Assets/Instantiating Prefabs Examples/Assets/Scripts/MonoScripts/Collision.cs
  artifactKey: Guid(dfc33448c355bf142a8e22fcd0a6b49d) Importer(815301076,1909f56bfc062723c751e8b465ee728b)
Start importing Assets/Instantiating Prefabs Examples/Assets/Scripts/MonoScripts/Collision.cs using Guid(dfc33448c355bf142a8e22fcd0a6b49d) Importer(815301076,1909f56bfc062723c751e8b465ee728b)  -> (artifact id: 'e94e30778c0993e92a68d60280a04e4a') in 0.001250 seconds
  Import took 0.003136 seconds .

========================================================================
Received Prepare
Registering precompiled user dll's ...
Registered in 0.002180 seconds.
Begin MonoManager ReloadAssembly
Native extension for WindowsStandalone target not found
Refreshing native plugins compatible for Editor in 0.29 ms, found 2 plugins.
Preloading 0 native plugins for Editor in 0.00 ms.
Mono: successfully reloaded assembly
- Completed reload, in  0.797 seconds
Platform modules already initialized, skipping
Refreshing native plugins compatible for Editor in 0.28 ms, found 2 plugins.
Preloading 0 native plugins for Editor in 0.00 ms.
Unloading 1389 Unused Serialized files (Serialized files now loaded: 0)
System memory in use before: 65.0 MB.
System memory in use after: 65.1 MB.

Unloading 13 unused Assets to reduce memory usage. Loaded Objects now: 1837.
Total: 1.695000 ms (FindLiveObjects: 0.121700 ms CreateObjectMapping: 0.036400 ms MarkObjects: 1.523600 ms  DeleteObjects: 0.012600 ms)

========================================================================
Received Prepare
Registering precompiled user dll's ...
Registered in 0.003432 seconds.
Begin MonoManager ReloadAssembly
Native extension for WindowsStandalone target not found
Refreshing native plugins compatible for Editor in 0.28 ms, found 2 plugins.
Preloading 0 native plugins for Editor in 0.00 ms.
Mono: successfully reloaded assembly
- Completed reload, in  0.796 seconds
Platform modules already initialized, skipping
Script error: OnCollisionEnter
This message parameter has to be of type: Collision
The message will be ignored.

Refreshing native plugins compatible for Editor in 0.27 ms, found 2 plugins.
Preloading 0 native plugins for Editor in 0.00 ms.
Unloading 1389 Unused Serialized files (Serialized files now loaded: 0)
System memory in use before: 65.1 MB.
System memory in use after: 65.2 MB.

Unloading 13 unused Assets to reduce memory usage. Loaded Objects now: 1840.
Total: 1.840500 ms (FindLiveObjects: 0.138200 ms CreateObjectMapping: 0.037200 ms MarkObjects: 1.647200 ms  DeleteObjects: 0.016600 ms)

========================================================================
Received Prepare
Registering precompiled user dll's ...
Registered in 0.002174 seconds.
Begin MonoManager ReloadAssembly
Native extension for WindowsStandalone target not found
Refreshing native plugins compatible for Editor in 0.29 ms, found 2 plugins.
Preloading 0 native plugins for Editor in 0.00 ms.
Mono: successfully reloaded assembly
- Completed reload, in  0.865 seconds
Platform modules already initialized, skipping
Script error: OnCollisionEnter
This message parameter has to be of type: Collision
The message will be ignored.

Refreshing native plugins compatible for Editor in 0.28 ms, found 2 plugins.
Preloading 0 native plugins for Editor in 0.00 ms.
Unloading 1389 Unused Serialized files (Serialized files now loaded: 0)
System memory in use before: 65.1 MB.
System memory in use after: 65.2 MB.

Unloading 13 unused Assets to reduce memory usage. Loaded Objects now: 1843.
Total: 1.920100 ms (FindLiveObjects: 0.168400 ms CreateObjectMapping: 0.046300 ms MarkObjects: 1.682700 ms  DeleteObjects: 0.021800 ms)

========================================================================
Received Prepare
Registering precompiled user dll's ...
Registered in 0.002252 seconds.
Begin MonoManager ReloadAssembly
Native extension for WindowsStandalone target not found
Refreshing native plugins compatible for Editor in 0.29 ms, found 2 plugins.
Preloading 0 native plugins for Editor in 0.00 ms.
Mono: successfully reloaded assembly
- Completed reload, in  0.791 seconds
Platform modules already initialized, skipping
Refreshing native plugins compatible for Editor in 0.28 ms, found 2 plugins.
Preloading 0 native plugins for Editor in 0.00 ms.
Unloading 1389 Unused Serialized files (Serialized files now loaded: 0)
System memory in use before: 65.1 MB.
System memory in use after: 65.2 MB.

Unloading 13 unused Assets to reduce memory usage. Loaded Objects now: 1846.
Total: 1.771500 ms (FindLiveObjects: 0.141300 ms CreateObjectMapping: 0.032600 ms MarkObjects: 1.583000 ms  DeleteObjects: 0.013800 ms)

========================================================================
Received Prepare
Registering precompiled user dll's ...
Registered in 0.002280 seconds.
Begin MonoManager ReloadAssembly
Native extension for WindowsStandalone target not found
Refreshing native plugins compatible for Editor in 0.29 ms, found 2 plugins.
Preloading 0 native plugins for Editor in 0.00 ms.
Mono: successfully reloaded assembly
- Completed reload, in  0.779 seconds
Platform modules already initialized, skipping
Refreshing native plugins compatible for Editor in 0.28 ms, found 2 plugins.
Preloading 0 native plugins for Editor in 0.00 ms.
Unloading 1389 Unused Serialized files (Serialized files now loaded: 0)
System memory in use before: 65.2 MB.
System memory in use after: 65.3 MB.

Unloading 13 unused Assets to reduce memory usage. Loaded Objects now: 1849.
Total: 1.809700 ms (FindLiveObjects: 0.145800 ms CreateObjectMapping: 0.038300 ms MarkObjects: 1.610700 ms  DeleteObjects: 0.014100 ms)

========================================================================
Received Prepare
Registering precompiled user dll's ...
Registered in 0.002390 seconds.
Begin MonoManager ReloadAssembly
Native extension for WindowsStandalone target not found
Refreshing native plugins compatible for Editor in 0.28 ms, found 2 plugins.
Preloading 0 native plugins for Editor in 0.00 ms.
Mono: successfully reloaded assembly
- Completed reload, in  0.798 seconds
Platform modules already initialized, skipping
Refreshing native plugins compatible for Editor in 0.36 ms, found 2 plugins.
Preloading 0 native plugins for Editor in 0.00 ms.
Unloading 1389 Unused Serialized files (Serialized files now loaded: 0)
System memory in use before: 65.2 MB.
System memory in use after: 65.3 MB.

Unloading 13 unused Assets to reduce memory usage. Loaded Objects now: 1852.
Total: 2.074500 ms (FindLiveObjects: 0.157200 ms CreateObjectMapping: 0.032700 ms MarkObjects: 1.868400 ms  DeleteObjects: 0.014900 ms)

========================================================================
Received Prepare
Registering precompiled user dll's ...
Registered in 0.002304 seconds.
Begin MonoManager ReloadAssembly
Native extension for WindowsStandalone target not found
Refreshing native plugins compatible for Editor in 0.43 ms, found 2 plugins.
Preloading 0 native plugins for Editor in 0.00 ms.
Mono: successfully reloaded assembly
- Completed reload, in  0.776 seconds
Platform modules already initialized, skipping
Refreshing native plugins compatible for Editor in 0.28 ms, found 2 plugins.
Preloading 0 native plugins for Editor in 0.00 ms.
Unloading 1389 Unused Serialized files (Serialized files now loaded: 0)
System memory in use before: 65.2 MB.
System memory in use after: 65.3 MB.

Unloading 13 unused Assets to reduce memory usage. Loaded Objects now: 1855.
Total: 1.591100 ms (FindLiveObjects: 0.144100 ms CreateObjectMapping: 0.037900 ms MarkObjects: 1.394700 ms  DeleteObjects: 0.013600 ms)

========================================================================
Received Prepare
Registering precompiled user dll's ...
Registered in 0.002308 seconds.
Begin MonoManager ReloadAssembly
Native extension for WindowsStandalone target not found
Refreshing native plugins compatible for Editor in 0.28 ms, found 2 plugins.
Preloading 0 native plugins for Editor in 0.00 ms.
Mono: successfully reloaded assembly
- Completed reload, in  0.811 seconds
Platform modules already initialized, skipping
Refreshing native plugins compatible for Editor in 0.28 ms, found 2 plugins.
Preloading 0 native plugins for Editor in 0.00 ms.
Unloading 1389 Unused Serialized files (Serialized files now loaded: 0)
System memory in use before: 65.2 MB.
System memory in use after: 65.3 MB.

Unloading 13 unused Assets to reduce memory usage. Loaded Objects now: 1858.
Total: 1.794700 ms (FindLiveObjects: 0.137700 ms CreateObjectMapping: 0.038100 ms MarkObjects: 1.599600 ms  DeleteObjects: 0.018000 ms)

========================================================================
Received Prepare
Registering precompiled user dll's ...
Registered in 0.002273 seconds.
Begin MonoManager ReloadAssembly
Native extension for WindowsStandalone target not found
Refreshing native plugins compatible for Editor in 0.34 ms, found 2 plugins.
Preloading 0 native plugins for Editor in 0.00 ms.
Mono: successfully reloaded assembly
- Completed reload, in  0.782 seconds
Platform modules already initialized, skipping
Refreshing native plugins compatible for Editor in 0.29 ms, found 2 plugins.
Preloading 0 native plugins for Editor in 0.00 ms.
Unloading 1389 Unused Serialized files (Serialized files now loaded: 0)
System memory in use before: 65.2 MB.
System memory in use after: 65.3 MB.

Unloading 13 unused Assets to reduce memory usage. Loaded Objects now: 1861.
Total: 1.609100 ms (FindLiveObjects: 0.135600 ms CreateObjectMapping: 0.037700 ms MarkObjects: 1.419900 ms  DeleteObjects: 0.015200 ms)

========================================================================
Received Import Request.
  Time since last request: 5091.113446 seconds.
  path: Assets/Instantiating Prefabs Examples/Assets/Scripts/AnimationScripts/Block.controller
  artifactKey: Guid(71f1a4259a7eecb4d8c15d7513fa624e) Importer(815301076,1909f56bfc062723c751e8b465ee728b)
Start importing Assets/Instantiating Prefabs Examples/Assets/Scripts/AnimationScripts/Block.controller using Guid(71f1a4259a7eecb4d8c15d7513fa624e) Importer(815301076,1909f56bfc062723c751e8b465ee728b)  -> (artifact id: 'd65c67e071d72fac0eb767a9379d3537') in 0.023322 seconds
  Import took 0.025591 seconds .

========================================================================
Received Import Request.
  Time since last request: 1.026206 seconds.
  path: Assets/Instantiating Prefabs Examples/Assets/Scripts/AnimationScripts/Boom.anim
  artifactKey: Guid(467ac703061b48e49b0d6fa99fe422b2) Importer(815301076,1909f56bfc062723c751e8b465ee728b)
Start importing Assets/Instantiating Prefabs Examples/Assets/Scripts/AnimationScripts/Boom.anim using Guid(467ac703061b48e49b0d6fa99fe422b2) Importer(815301076,1909f56bfc062723c751e8b465ee728b)  -> (artifact id: 'e24a6233746a2641d6ec7ce148936932') in 0.003941 seconds
  Import took 0.005825 seconds .

========================================================================
Received Import Request.
  Time since last request: 0.023433 seconds.
  path: Assets/Instantiating Prefabs Examples/Assets/Scripts/AnimationScripts/Boom.anim
  artifactKey: Guid(467ac703061b48e49b0d6fa99fe422b2) Importer(815301076,1909f56bfc062723c751e8b465ee728b)
Start importing Assets/Instantiating Prefabs Examples/Assets/Scripts/AnimationScripts/Boom.anim using Guid(467ac703061b48e49b0d6fa99fe422b2) Importer(815301076,1909f56bfc062723c751e8b465ee728b)  -> (artifact id: 'e24a6233746a2641d6ec7ce148936932') in 0.001855 seconds
  Import took 0.003995 seconds .

========================================================================
Received Prepare
Registering precompiled user dll's ...
Registered in 0.003349 seconds.
Begin MonoManager ReloadAssembly
Native extension for WindowsStandalone target not found
Refreshing native plugins compatible for Editor in 0.30 ms, found 2 plugins.
Preloading 0 native plugins for Editor in 0.00 ms.
Mono: successfully reloaded assembly
- Completed reload, in  0.834 seconds
Platform modules already initialized, skipping
Refreshing native plugins compatible for Editor in 0.28 ms, found 2 plugins.
Preloading 0 native plugins for Editor in 0.00 ms.
Unloading 1389 Unused Serialized files (Serialized files now loaded: 0)
System memory in use before: 65.2 MB.
System memory in use after: 65.3 MB.

Unloading 13 unused Assets to reduce memory usage. Loaded Objects now: 1864.
Total: 1.682400 ms (FindLiveObjects: 0.129400 ms CreateObjectMapping: 0.033800 ms MarkObjects: 1.503400 ms  DeleteObjects: 0.014600 ms)

========================================================================
Received Import Request.
  Time since last request: 565.880747 seconds.
  path: Assets/Instantiating Prefabs Examples/Assets/Scripts/AnimationScripts/Boom.cs
  artifactKey: Guid(cc649a45a12f4c44bbd1011435b6f7c1) Importer(815301076,1909f56bfc062723c751e8b465ee728b)
Start importing Assets/Instantiating Prefabs Examples/Assets/Scripts/AnimationScripts/Boom.cs using Guid(cc649a45a12f4c44bbd1011435b6f7c1) Importer(815301076,1909f56bfc062723c751e8b465ee728b)  -> (artifact id: '15ef9c29d935936096c425624df6a82d') in 0.004960 seconds
  Import took 0.007711 seconds .

========================================================================
Received Prepare
Registering precompiled user dll's ...
Registered in 0.002170 seconds.
Begin MonoManager ReloadAssembly
Native extension for WindowsStandalone target not found
Refreshing native plugins compatible for Editor in 0.31 ms, found 2 plugins.
Preloading 0 native plugins for Editor in 0.00 ms.
Mono: successfully reloaded assembly
- Completed reload, in  0.916 seconds
Platform modules already initialized, skipping
Refreshing native plugins compatible for Editor in 0.28 ms, found 2 plugins.
Preloading 0 native plugins for Editor in 0.00 ms.
Unloading 1390 Unused Serialized files (Serialized files now loaded: 0)
System memory in use before: 65.2 MB.
System memory in use after: 65.3 MB.

Unloading 13 unused Assets to reduce memory usage. Loaded Objects now: 1868.
Total: 1.797400 ms (FindLiveObjects: 0.148700 ms CreateObjectMapping: 0.034100 ms MarkObjects: 1.600600 ms  DeleteObjects: 0.013500 ms)

========================================================================
Received Prepare
Registering precompiled user dll's ...
Registered in 0.002358 seconds.
Begin MonoManager ReloadAssembly
Native extension for WindowsStandalone target not found
Refreshing native plugins compatible for Editor in 0.29 ms, found 2 plugins.
Preloading 0 native plugins for Editor in 0.00 ms.
Mono: successfully reloaded assembly
- Completed reload, in  0.807 seconds
Platform modules already initialized, skipping
Refreshing native plugins compatible for Editor in 0.28 ms, found 2 plugins.
Preloading 0 native plugins for Editor in 0.00 ms.
Unloading 1390 Unused Serialized files (Serialized files now loaded: 0)
System memory in use before: 65.2 MB.
System memory in use after: 65.3 MB.

Unloading 13 unused Assets to reduce memory usage. Loaded Objects now: 1871.
Total: 1.725000 ms (FindLiveObjects: 0.129200 ms CreateObjectMapping: 0.034200 ms MarkObjects: 1.546300 ms  DeleteObjects: 0.014400 ms)

========================================================================
Received Import Request.
  Time since last request: 67.893480 seconds.
  path: Assets/Instantiating Prefabs Examples/Assets/Scripts/AnimationScripts/Boom.cs
  artifactKey: Guid(cc649a45a12f4c44bbd1011435b6f7c1) Importer(815301076,1909f56bfc062723c751e8b465ee728b)
Start importing Assets/Instantiating Prefabs Examples/Assets/Scripts/AnimationScripts/Boom.cs using Guid(cc649a45a12f4c44bbd1011435b6f7c1) Importer(815301076,1909f56bfc062723c751e8b465ee728b)  -> (artifact id: '14536bbe0b541e77febcaeaf59b352c5') in 0.003376 seconds
  Import took 0.005713 seconds .

========================================================================
Received Import Request.
  Time since last request: 0.000755 seconds.
  path: Assets/Instantiating Prefabs Examples/Assets/Scripts/AnimationScripts/Boom.cs
  artifactKey: Guid(cc649a45a12f4c44bbd1011435b6f7c1) Importer(815301076,1909f56bfc062723c751e8b465ee728b)
Start importing Assets/Instantiating Prefabs Examples/Assets/Scripts/AnimationScripts/Boom.cs using Guid(cc649a45a12f4c44bbd1011435b6f7c1) Importer(815301076,1909f56bfc062723c751e8b465ee728b)  -> (artifact id: '14536bbe0b541e77febcaeaf59b352c5') in 0.001731 seconds
  Import took 0.003637 seconds .

========================================================================
Received Prepare
Registering precompiled user dll's ...
Registered in 0.002494 seconds.
Begin MonoManager ReloadAssembly
Native extension for WindowsStandalone target not found
Refreshing native plugins compatible for Editor in 0.30 ms, found 2 plugins.
Preloading 0 native plugins for Editor in 0.00 ms.
Mono: successfully reloaded assembly
- Completed reload, in  0.876 seconds
Platform modules already initialized, skipping
Refreshing native plugins compatible for Editor in 0.30 ms, found 2 plugins.
Preloading 0 native plugins for Editor in 0.00 ms.
Unloading 1390 Unused Serialized files (Serialized files now loaded: 0)
System memory in use before: 65.2 MB.
System memory in use after: 65.3 MB.

Unloading 13 unused Assets to reduce memory usage. Loaded Objects now: 1874.
Total: 2.199500 ms (FindLiveObjects: 0.217300 ms CreateObjectMapping: 0.052400 ms MarkObjects: 1.910600 ms  DeleteObjects: 0.018300 ms)

========================================================================
Received Prepare
Registering precompiled user dll's ...
Registered in 0.002350 seconds.
Begin MonoManager ReloadAssembly
Native extension for WindowsStandalone target not found
Refreshing native plugins compatible for Editor in 0.29 ms, found 2 plugins.
Preloading 0 native plugins for Editor in 0.00 ms.
Mono: successfully reloaded assembly
- Completed reload, in  0.787 seconds
Platform modules already initialized, skipping
Refreshing native plugins compatible for Editor in 0.30 ms, found 2 plugins.
Preloading 0 native plugins for Editor in 0.00 ms.
Unloading 1390 Unused Serialized files (Serialized files now loaded: 0)
System memory in use before: 65.2 MB.
System memory in use after: 65.3 MB.

Unloading 13 unused Assets to reduce memory usage. Loaded Objects now: 1877.
Total: 1.814400 ms (FindLiveObjects: 0.151200 ms CreateObjectMapping: 0.033400 ms MarkObjects: 1.614600 ms  DeleteObjects: 0.014500 ms)

========================================================================
Received Prepare
Registering precompiled user dll's ...
Registered in 0.002372 seconds.
Begin MonoManager ReloadAssembly
Native extension for WindowsStandalone target not found
Refreshing native plugins compatible for Editor in 0.29 ms, found 2 plugins.
Preloading 0 native plugins for Editor in 0.00 ms.
Mono: successfully reloaded assembly
- Completed reload, in  0.807 seconds
Platform modules already initialized, skipping
Refreshing native plugins compatible for Editor in 0.28 ms, found 2 plugins.
Preloading 0 native plugins for Editor in 0.00 ms.
Unloading 1390 Unused Serialized files (Serialized files now loaded: 0)
System memory in use before: 65.2 MB.
System memory in use after: 65.4 MB.

Unloading 13 unused Assets to reduce memory usage. Loaded Objects now: 1880.
Total: 1.877800 ms (FindLiveObjects: 0.167000 ms CreateObjectMapping: 0.039100 ms MarkObjects: 1.652900 ms  DeleteObjects: 0.017900 ms)

AssetImportWorkerClient::OnTransportError - code=2 error=End of file
